<?xml version="1.0" encoding="utf-8"?>
<testsuites disabled="0" errors="0" failures="4" tests="22" time="28.418295957904775">
	<testsuite disabled="0" errors="0" failures="4" name="schemathesis" skipped="13" tests="22" time="28.418295957904775" hostname="phils-MacBook-Pro">
		<testcase name="POST /v1/categories" time="4.254147">
			<skipped type="skipped">No examples in schema</skipped>
		</testcase>
		<testcase name="POST /v1/transactions/classifications" time="0.278998"/>
		<testcase name="GET /health" time="0.006318">
			<skipped type="skipped">No examples in schema</skipped>
		</testcase>
		<testcase name="GET /v1/categories" time="0.049581">
			<skipped type="skipped">No examples in schema</skipped>
		</testcase>
		<testcase name="GET /v1/categories/counts" time="0.062775">
			<skipped type="skipped">No examples in schema</skipped>
		</testcase>
		<testcase name="GET /v1/matchy/messages/search" time="13.230573">
			<skipped type="skipped">No examples in schema</skipped>
		</testcase>
		<testcase name="GET /v1/matchy/messages/{email_message_id}" time="0.827225">
			<failure type="failure" message="1. Test Case ID: OySiIa

- Server error

[502] Bad Gateway:

    `{&quot;detail&quot;:&quot;mailcart: upstream returned 502: {\&quot;detail\&quot;:\&quot;Graph GET failed: 400 {\\\&quot;error\\\&quot;:{\\\&quot;code\\\&quot;:\\\&quot;ErrorInvalidIdMalformed\\\&quot;,\\\&quot;message\\\&quot;:\\\&quot;Id is malformed.\\\&quot;}}\&quot;}&quot;}`

Reproduce with:

    curl -X GET -H 'X-Teller-Write-Token: [Filtered]' http://127.0.0.1:8789/v1/matchy/messages/0"/>
			<skipped type="skipped">No examples in schema</skipped>
		</testcase>
		<testcase name="GET /v1/matchy/review" time="0.308413">
			<skipped type="skipped">No examples in schema</skipped>
		</testcase>
		<testcase name="GET /v1/transactions" time="1.010963">
			<skipped type="skipped">No examples in schema</skipped>
		</testcase>
		<testcase name="PUT /v1/categories/{nys_snw_category_id}" time="2.225586"/>
		<testcase name="PUT /v1/matchy/matches/{match_id}/clear" time="0.236310"/>
		<testcase name="PUT /v1/matchy/matches/{match_id}/confirm" time="0.404076"/>
		<testcase name="PUT /v1/matchy/matches/{match_id}/no-email" time="0.432713"/>
		<testcase name="PUT /v1/matchy/matches/{match_id}/override" time="0.609357"/>
		<testcase name="PUT /v1/matchy/transactions/{transaction_id}/clear" time="0.252223">
			<skipped type="skipped">No examples in schema</skipped>
		</testcase>
		<testcase name="PUT /v1/matchy/transactions/{transaction_id}/confirm-candidate" time="0.067754">
			<failure type="failure" message="1. Test Case ID: tglD19

- API rejected schema-compliant request

    Valid data should have been accepted
    Expected: 2xx, 401, 403, 404, 409, 5xx

- Undocumented HTTP status code

    Received: 400
    Documented: 200, 404, 409, 422

[400] Bad Request:

    `{&quot;detail&quot;:&quot;Invalid email_message_id&quot;}`

Reproduce with:

    curl -X PUT -H 'X-Teller-Write-Token: [Filtered]' -H 'Content-Type: application/json' -d '{&quot;email_message_id&quot;: &quot;-K`nAi(F0(l&quot;, &quot;note&quot;: null}' http://127.0.0.1:8789/v1/matchy/transactions/txn_pskipsmebh9oh59ecq009/confirm-candidate"/>
			<skipped type="skipped">No examples in schema</skipped>
		</testcase>
		<testcase name="PUT /v1/matchy/transactions/{transaction_id}/no-email" time="0.288775">
			<skipped type="skipped">No examples in schema</skipped>
		</testcase>
		<testcase name="PUT /v1/matchy/transactions/{transaction_id}/override-candidate" time="0.058679">
			<failure type="failure" message="1. Test Case ID: NAgmhW

- API rejected schema-compliant request

    Valid data should have been accepted
    Expected: 2xx, 401, 403, 404, 409, 5xx

- Undocumented HTTP status code

    Received: 400
    Documented: 200, 404, 409, 422

[400] Bad Request:

    `{&quot;detail&quot;:&quot;Invalid email_message_id&quot;}`

Reproduce with:

    curl -X PUT -H 'X-Teller-Write-Token: [Filtered]' -H 'Content-Type: application/json' -d '{&quot;email_message_id&quot;: &quot;-K`nAi(F0(l&quot;, &quot;note&quot;: null}' http://127.0.0.1:8789/v1/matchy/transactions/txn_pskipsmebh9oh59ecq009/override-candidate"/>
			<skipped type="skipped">No examples in schema</skipped>
		</testcase>
		<testcase name="PUT /v1/transactions/{transaction_id}/classification" time="0.370885"/>
		<testcase name="GET /v1/matchy/transactions/{transaction_id}/candidates" time="0.202426">
			<skipped type="skipped">No examples in schema</skipped>
		</testcase>
		<testcase name="DELETE /v1/categories/{nys_snw_category_id}" time="0.527311"/>
		<testcase name="Stateful tests" time="2.713208">
			<failure type="failure" message="1. Test Case ID: 3KFIJv

- API rejected schema-compliant request

    Valid data should have been accepted
    Expected: 2xx, 401, 403, 404, 409, 5xx

[422] Unprocessable Content:

    `{&quot;detail&quot;:&quot;email_message_id is not a candidate for the latest match run of this transaction&quot;}`

Reproduce with:

    curl -X GET -H 'X-Teller-Write-Token: [Filtered]' -H 'Content-Type: application/json' 'http://127.0.0.1:8789/v1/transactions?only_unmoved_match=false'
    curl -X PUT -H 'X-Teller-Write-Token: [Filtered]' -H 'Content-Type: application/json' -d '{&quot;email_message_id&quot;: &quot;v&quot;, &quot;note&quot;: null}' http://127.0.0.1:8789/v1/matchy/transactions/txn_pskipslvrh9oh59ecq002/confirm-candidate"/>
		</testcase>
	</testsuite>
</testsuites>
